Flutter crash report.
Please report a bug at https://github.com/flutter/flutter/issues.

## command

flutter run --machine --target lib\main.dart -d 192.168.86.46:5555 --track-widget-creation --dart-define=flutter.inspector.structuredErrors=true --start-paused --web-server-debug-protocol ws --web-server-debug-backend-protocol ws --web-allow-expose-url

## exception

StateError: Bad state: No element

```
#0      ListMixin.firstWhere (dart:collection/list.dart:167:5)
#1      DartDevelopmentService.startDartDevelopmentService (package:flutter_tools/src/base/dds.dart:63:32)
<asynchronous suspension>
#2      FlutterDevice.connect.<anonymous closure> (package:flutter_tools/src/resident_runner.dart:249:11)
<asynchronous suspension>
```

## flutter doctor

```
[✓] Flutter (Channel beta, 1.25.0-8.3.pre, on Microsoft Windows [Version 10.0.19042.782], locale en-US)
    • Flutter version 1.25.0-8.3.pre at C:\src\flutter
    • Framework revision 5d36f2e7f5 (3 weeks ago), 2021-01-14 15:57:49 -0800
    • Engine revision 7a8f8ca02c
    • Dart version 2.12.0 (build 2.12.0-133.7.beta)

[✓] Android toolchain - develop for Android devices (Android SDK version 30.0.3)
    • Android SDK at C:\Users\Zach\AppData\Local\Android\sdk
    • Platform android-30, build-tools 30.0.3
    • Java binary at: C:\Program Files\Android\Android Studio\jre\bin\java
    • Java version OpenJDK Runtime Environment (build 1.8.0_242-release-1644-b01)
    • All Android licenses accepted.

[✓] Chrome - develop for the web
    • Chrome at C:\Program Files\Google\Chrome\Application\chrome.exe

[✓] Android Studio (version 4.1.0)
    • Android Studio at C:\Program Files\Android\Android Studio
    • Flutter plugin can be installed from:
      🔨 https://plugins.jetbrains.com/plugin/9212-flutter
    • Dart plugin can be installed from:
      🔨 https://plugins.jetbrains.com/plugin/6351-dart
    • Java version OpenJDK Runtime Environment (build 1.8.0_242-release-1644-b01)

[✓] VS Code, 64-bit edition (version 1.47.3)
    • VS Code at C:\Program Files\Microsoft VS Code
    • Flutter extension version 3.14.1

[✓] Connected device (3 available)
    • Pixel 4a (mobile) • 192.168.86.46:5555 • android-arm64  • Android 11 (API 30)
    • Chrome (web)      • chrome             • web-javascript • Google Chrome 88.0.4324.104
    • Edge (web)        • edge               • web-javascript • Microsoft Edge 88.0.705.56

• No issues found!
```
